TN:
SF:src\add.js
FNF:0
FNH:0
DA:1,1
DA:2,1
DA:3,1
DA:4,1
DA:5,1
DA:6,1
DA:7,1
DA:8,1
DA:9,1
DA:10,1
DA:11,1
DA:12,1
DA:13,1
DA:14,1
DA:15,1
DA:16,1
DA:17,1
DA:18,1
LF:18
LH:18
BRDA:1,0,0,1
BRDA:16,1,0,10
BRF:2
BRH:2
end_of_record
TN:
SF:src\at.js
FN:19,at
FNF:1
FNH:1
FNDA:14,at
DA:1,1
DA:2,1
DA:3,1
DA:4,1
DA:5,1
DA:6,1
DA:7,1
DA:8,1
DA:9,1
DA:10,1
DA:11,1
DA:12,1
DA:13,1
DA:14,1
DA:15,1
DA:16,1
DA:17,1
DA:18,1
DA:19,1
DA:20,1
DA:21,1
LF:21
LH:21
BRDA:1,0,0,1
BRDA:19,1,0,14
BRF:2
BRH:2
end_of_record
TN:
SF:src\ceil.js
FNF:0
FNH:0
DA:1,1
DA:2,1
DA:3,1
DA:4,1
DA:5,1
DA:6,1
DA:7,1
DA:8,1
DA:9,1
DA:10,1
DA:11,1
DA:12,1
DA:13,1
DA:14,1
DA:15,1
DA:16,1
DA:17,1
DA:18,1
DA:19,1
DA:20,1
DA:21,1
DA:22,1
DA:23,1
DA:24,1
LF:24
LH:24
BRDA:1,0,0,1
BRF:1
BRH:1
end_of_record
TN:
SF:src\filter.js
FN:24,filter
FNF:1
FNH:1
FNDA:7,filter
DA:1,1
DA:2,1
DA:3,1
DA:4,1
DA:5,1
DA:6,1
DA:7,1
DA:8,1
DA:9,1
DA:10,1
DA:11,1
DA:12,1
DA:13,1
DA:14,1
DA:15,1
DA:16,1
DA:17,1
DA:18,1
DA:19,1
DA:20,1
DA:21,1
DA:22,1
DA:23,1
DA:24,7
DA:25,7
DA:26,7
DA:27,7
DA:28,7
DA:29,7
DA:30,7
DA:31,21
DA:32,21
DA:33,12
DA:34,12
DA:35,21
DA:36,7
DA:37,7
DA:38,1
DA:39,1
LF:39
LH:39
BRDA:1,0,0,1
BRDA:24,1,0,7
BRDA:27,2,0,1
BRDA:27,3,0,6
BRDA:30,4,0,21
BRDA:32,5,0,12
BRF:6
BRH:6
end_of_record
TN:
SF:src\get.js
FN:27,get
FNF:1
FNH:1
FNDA:15,get
DA:1,1
DA:2,1
DA:3,1
DA:4,1
DA:5,1
DA:6,1
DA:7,1
DA:8,1
DA:9,1
DA:10,1
DA:11,1
DA:12,1
DA:13,1
DA:14,1
DA:15,1
DA:16,1
DA:17,1
DA:18,1
DA:19,1
DA:20,1
DA:21,1
DA:22,1
DA:23,1
DA:24,1
DA:25,1
DA:26,1
DA:27,15
DA:28,15
DA:29,15
DA:30,15
DA:31,1
DA:32,1
LF:32
LH:32
BRDA:1,0,0,1
BRDA:27,1,0,15
BRDA:28,2,0,0
BRDA:29,3,0,6
BRDA:29,4,0,8
BRF:5
BRH:4
end_of_record
TN:
SF:src\isArguments.js
FN:19,isArguments
FNF:1
FNH:1
FNDA:7,isArguments
DA:1,1
DA:2,1
DA:3,1
DA:4,1
DA:5,1
DA:6,1
DA:7,1
DA:8,1
DA:9,1
DA:10,1
DA:11,1
DA:12,1
DA:13,1
DA:14,1
DA:15,1
DA:16,1
DA:17,1
DA:18,1
DA:19,7
DA:20,7
DA:21,7
DA:22,1
DA:23,1
LF:23
LH:23
BRDA:1,0,0,1
BRDA:19,1,0,7
BRDA:20,2,0,1
BRF:3
BRH:3
end_of_record
TN:
SF:src\isObjectLike.js
FN:23,isObjectLike
FNF:1
FNH:1
FNDA:7,isObjectLike
DA:1,1
DA:2,1
DA:3,1
DA:4,1
DA:5,1
DA:6,1
DA:7,1
DA:8,1
DA:9,1
DA:10,1
DA:11,1
DA:12,1
DA:13,1
DA:14,1
DA:15,1
DA:16,1
DA:17,1
DA:18,1
DA:19,1
DA:20,1
DA:21,1
DA:22,1
DA:23,7
DA:24,7
DA:25,7
DA:26,1
DA:27,1
LF:27
LH:27
BRDA:1,0,0,1
BRDA:23,1,0,7
BRDA:24,2,0,2
BRF:3
BRH:3
end_of_record
TN:
SF:src\isSymbol.js
FN:18,isSymbol
FNF:1
FNH:1
FNDA:17,isSymbol
DA:1,1
DA:2,1
DA:3,1
DA:4,1
DA:5,1
DA:6,1
DA:7,1
DA:8,1
DA:9,1
DA:10,1
DA:11,1
DA:12,1
DA:13,1
DA:14,1
DA:15,1
DA:16,1
DA:17,1
DA:18,17
DA:19,17
DA:20,17
DA:21,17
DA:22,1
DA:23,1
LF:23
LH:23
BRDA:1,0,0,1
BRDA:18,1,0,17
BRDA:20,2,0,3
BRDA:20,3,0,1
BRF:4
BRH:4
end_of_record
TN:
SF:src\memoize.js
FN:43,memoize
FN:47,memoized
FNF:2
FNH:2
FNDA:1,memoize
FNDA:4,memoized
DA:1,1
DA:2,1
DA:3,1
DA:4,1
DA:5,1
DA:6,1
DA:7,1
DA:8,1
DA:9,1
DA:10,1
DA:11,1
DA:12,1
DA:13,1
DA:14,1
DA:15,1
DA:16,1
DA:17,1
DA:18,1
DA:19,1
DA:20,1
DA:21,1
DA:22,1
DA:23,1
DA:24,1
DA:25,1
DA:26,1
DA:27,1
DA:28,1
DA:29,1
DA:30,1
DA:31,1
DA:32,1
DA:33,1
DA:34,1
DA:35,1
DA:36,1
DA:37,1
DA:38,1
DA:39,1
DA:40,1
DA:41,1
DA:42,1
DA:43,1
DA:44,1
DA:45,0
DA:46,0
DA:47,1
DA:48,4
DA:49,4
DA:50,4
DA:51,4
DA:52,1
DA:53,1
DA:54,3
DA:55,4
DA:56,4
DA:57,4
DA:58,1
DA:59,1
DA:60,1
DA:61,1
DA:62,1
DA:63,1
DA:64,1
LF:64
LH:62
BRDA:1,0,0,1
BRDA:43,1,0,1
BRDA:44,2,0,0
BRDA:58,3,0,0
BRDA:47,4,0,4
BRDA:48,5,0,0
BRDA:51,6,0,1
BRDA:54,7,0,3
BRDA:55,8,0,0
BRF:9
BRH:5
end_of_record
TN:
SF:src\.internal\baseAt.js
FN:11,baseAt
FNF:1
FNH:1
FNDA:14,baseAt
DA:1,1
DA:2,1
DA:3,1
DA:4,1
DA:5,1
DA:6,1
DA:7,1
DA:8,1
DA:9,1
DA:10,1
DA:11,14
DA:12,14
DA:13,14
DA:14,14
DA:15,14
DA:16,14
DA:17,14
DA:18,17
DA:19,17
DA:20,13
DA:21,14
DA:22,1
DA:23,1
LF:23
LH:23
BRDA:1,0,0,1
BRDA:11,1,0,14
BRDA:17,2,0,17
BRDA:18,3,0,2
BRDA:18,4,0,15
BRDA:20,5,0,13
BRF:6
BRH:6
end_of_record
TN:
SF:src\.internal\baseFlatten.js
FN:14,baseFlatten
FNF:1
FNH:1
FNDA:14,baseFlatten
DA:1,1
DA:2,1
DA:3,1
DA:4,1
DA:5,1
DA:6,1
DA:7,1
DA:8,1
DA:9,1
DA:10,1
DA:11,1
DA:12,1
DA:13,1
DA:14,14
DA:15,14
DA:16,14
DA:17,14
DA:18,14
DA:19,0
DA:20,0
DA:21,14
DA:22,14
DA:23,14
DA:24,7
DA:25,0
DA:26,0
DA:27,7
DA:28,7
DA:29,7
DA:30,7
DA:31,7
DA:32,7
DA:33,14
DA:34,14
DA:35,14
DA:36,1
DA:37,1
LF:37
LH:33
BRDA:1,0,0,1
BRDA:14,1,0,14
BRDA:18,2,0,0
BRDA:23,3,0,7
BRDA:24,4,0,0
BRF:5
BRH:3
end_of_record
TN:
SF:src\.internal\baseGet.js
FN:12,baseGet
FNF:1
FNH:1
FNDA:15,baseGet
DA:1,1
DA:2,1
DA:3,1
DA:4,1
DA:5,1
DA:6,1
DA:7,1
DA:8,1
DA:9,1
DA:10,1
DA:11,1
DA:12,15
DA:13,15
DA:14,15
DA:15,15
DA:16,15
DA:17,15
DA:18,15
DA:19,21
DA:20,21
DA:21,15
DA:22,15
DA:23,1
DA:24,1
LF:24
LH:24
BRDA:1,0,0,1
BRDA:12,1,0,15
BRDA:18,2,0,29
BRDA:18,3,0,21
BRDA:21,4,0,14
BRDA:21,5,0,14
BRDA:21,6,0,0
BRF:7
BRH:6
end_of_record
TN:
SF:src\.internal\baseToNumber.js
FN:14,baseToNumber
FNF:1
FNH:1
FNDA:16,baseToNumber
DA:1,1
DA:2,1
DA:3,1
DA:4,1
DA:5,1
DA:6,1
DA:7,1
DA:8,1
DA:9,1
DA:10,1
DA:11,1
DA:12,1
DA:13,1
DA:14,16
DA:15,16
DA:16,15
DA:17,15
DA:18,16
DA:19,0
DA:20,0
DA:21,1
DA:22,16
DA:23,1
DA:24,1
LF:24
LH:22
BRDA:1,0,0,1
BRDA:14,1,0,16
BRDA:15,2,0,15
BRDA:18,3,0,1
BRDA:18,4,0,0
BRDA:21,5,0,1
BRF:6
BRH:5
end_of_record
TN:
SF:src\.internal\baseToString.js
FN:17,baseToString
FNF:1
FNH:1
FNDA:4,baseToString
DA:1,1
DA:2,1
DA:3,1
DA:4,1
DA:5,1
DA:6,1
DA:7,1
DA:8,1
DA:9,1
DA:10,1
DA:11,1
DA:12,1
DA:13,1
DA:14,1
DA:15,1
DA:16,1
DA:17,4
DA:18,4
DA:19,4
DA:20,3
DA:21,3
DA:22,4
DA:23,0
DA:24,0
DA:25,0
DA:26,4
DA:27,0
DA:28,0
DA:29,1
DA:30,4
DA:31,4
DA:32,1
DA:33,1
LF:33
LH:28
BRDA:1,0,0,1
BRDA:17,1,0,4
BRDA:19,2,0,3
BRDA:22,3,0,1
BRDA:22,4,0,0
BRDA:26,5,0,1
BRDA:26,6,0,0
BRDA:29,7,0,1
BRDA:30,8,0,0
BRDA:30,9,0,0
BRDA:30,10,0,1
BRF:11
BRH:7
end_of_record
TN:
SF:src\.internal\castPath.js
FN:12,castPath
FNF:1
FNH:1
FNDA:15,castPath
DA:1,1
DA:2,1
DA:3,1
DA:4,1
DA:5,1
DA:6,1
DA:7,1
DA:8,1
DA:9,1
DA:10,1
DA:11,1
DA:12,15
DA:13,15
DA:14,0
DA:15,0
DA:16,15
DA:17,15
DA:18,1
DA:19,1
LF:19
LH:17
BRDA:1,0,0,1
BRDA:12,1,0,15
BRDA:13,2,0,0
BRDA:16,3,0,11
BRDA:16,4,0,4
BRF:5
BRH:4
end_of_record
TN:
SF:src\.internal\createMathOperation.js
FN:12,createMathOperation
FNF:1
FNH:1
FNDA:1,createMathOperation
DA:1,1
DA:2,1
DA:3,1
DA:4,1
DA:5,1
DA:6,1
DA:7,1
DA:8,1
DA:9,1
DA:10,1
DA:11,1
DA:12,1
DA:13,1
DA:14,11
DA:15,0
DA:16,0
DA:17,11
DA:18,0
DA:19,0
DA:20,11
DA:21,1
DA:22,1
DA:23,11
DA:24,2
DA:25,2
DA:26,2
DA:27,8
DA:28,8
DA:29,8
DA:30,8
DA:31,10
DA:32,11
DA:33,1
DA:34,1
DA:35,1
LF:35
LH:31
BRDA:1,0,0,1
BRDA:12,1,0,1
BRDA:13,2,0,11
BRDA:14,3,0,1
BRDA:14,4,0,0
BRDA:17,5,0,10
BRDA:17,6,0,0
BRDA:20,7,0,1
BRDA:23,8,0,10
BRDA:23,9,0,9
BRDA:23,10,0,2
BRDA:27,11,0,8
BRDA:31,12,0,10
BRF:13
BRH:11
end_of_record
TN:
SF:src\.internal\createRound.js
FN:8,createRound
FNF:1
FNH:1
FNDA:1,createRound
DA:1,1
DA:2,1
DA:3,1
DA:4,1
DA:5,1
DA:6,1
DA:7,1
DA:8,1
DA:9,1
DA:10,1
DA:11,2
DA:12,2
DA:13,2
DA:14,2
DA:15,2
DA:16,2
DA:17,2
DA:18,2
DA:19,2
DA:20,2
DA:21,0
DA:22,2
DA:23,1
DA:24,1
DA:25,1
LF:25
LH:24
BRDA:1,0,0,1
BRDA:8,1,0,1
BRDA:10,2,0,2
BRDA:11,3,0,0
BRDA:11,4,0,1
BRDA:11,5,0,1
BRDA:21,6,0,0
BRF:7
BRH:5
end_of_record
TN:
SF:src\.internal\getTag.js
FN:10,getTag
FNF:1
FNH:1
FNDA:2,getTag
DA:1,1
DA:2,1
DA:3,1
DA:4,1
DA:5,1
DA:6,1
DA:7,1
DA:8,1
DA:9,1
DA:10,2
DA:11,2
DA:12,0
DA:13,0
DA:14,2
DA:15,2
DA:16,1
DA:17,1
LF:17
LH:15
BRDA:1,0,0,1
BRDA:10,1,0,2
BRDA:11,2,0,0
BRF:3
BRH:2
end_of_record
TN:
SF:src\.internal\isFlattenable.js
FN:13,isFlattenable
FNF:1
FNH:1
FNDA:14,isFlattenable
DA:1,1
DA:2,1
DA:3,1
DA:4,1
DA:5,1
DA:6,1
DA:7,1
DA:8,1
DA:9,1
DA:10,1
DA:11,1
DA:12,1
DA:13,14
DA:14,14
DA:15,7
DA:16,14
DA:17,1
DA:18,1
LF:18
LH:18
BRDA:1,0,0,1
BRDA:13,1,0,14
BRDA:14,2,0,7
BRDA:14,3,0,7
BRDA:15,4,0,5
BRF:5
BRH:5
end_of_record
TN:
SF:src\.internal\isKey.js
FN:15,isKey
FNF:1
FNH:1
FNDA:15,isKey
DA:1,1
DA:2,1
DA:3,1
DA:4,1
DA:5,1
DA:6,1
DA:7,1
DA:8,1
DA:9,1
DA:10,1
DA:11,1
DA:12,1
DA:13,1
DA:14,1
DA:15,15
DA:16,15
DA:17,0
DA:18,0
DA:19,15
DA:20,15
DA:21,4
DA:22,4
DA:23,15
DA:24,4
DA:25,15
DA:26,1
DA:27,1
LF:27
LH:25
BRDA:1,0,0,1
BRDA:15,1,0,15
BRDA:16,2,0,0
BRDA:20,3,0,14
BRDA:20,4,0,13
BRDA:20,5,0,11
BRDA:20,6,0,4
BRDA:23,7,0,11
BRDA:23,8,0,4
BRDA:23,9,0,4
BRF:10
BRH:9
end_of_record
TN:
SF:src\.internal\memoizeCapped.js
FN:14,memoizeCapped
FNF:1
FNH:1
FNDA:1,memoizeCapped
DA:1,1
DA:2,1
DA:3,1
DA:4,1
DA:5,1
DA:6,1
DA:7,1
DA:8,1
DA:9,1
DA:10,1
DA:11,1
DA:12,1
DA:13,1
DA:14,1
DA:15,1
DA:16,4
DA:17,4
DA:18,0
DA:19,0
DA:20,4
DA:21,1
DA:22,1
DA:23,1
DA:24,1
DA:25,1
DA:26,1
LF:26
LH:24
BRDA:1,0,0,1
BRDA:14,1,0,1
BRDA:15,2,0,4
BRDA:17,3,0,0
BRF:4
BRH:3
end_of_record
TN:
SF:src\.internal\stringToPath.js
FNF:0
FNH:0
DA:1,1
DA:2,1
DA:3,1
DA:4,1
DA:5,1
DA:6,1
DA:7,1
DA:8,1
DA:9,1
DA:10,1
DA:11,1
DA:12,1
DA:13,1
DA:14,1
DA:15,1
DA:16,1
DA:17,1
DA:18,1
DA:19,1
DA:20,1
DA:21,1
DA:22,1
DA:23,1
DA:24,1
DA:25,1
DA:26,1
DA:27,3
DA:28,3
DA:29,0
DA:30,0
DA:31,2
DA:32,6
DA:33,6
DA:34,0
DA:35,0
DA:36,6
DA:37,2
DA:38,2
DA:39,6
DA:40,2
DA:41,2
DA:42,1
DA:43,1
DA:44,1
LF:44
LH:40
BRDA:1,0,0,1
BRDA:26,1,0,3
BRDA:28,2,0,0
BRDA:31,3,0,2
BRDA:31,4,0,6
BRDA:33,5,0,0
BRDA:36,6,0,2
BRF:7
BRH:5
end_of_record
TN:
SF:src\.internal\toKey.js
FN:13,toKey
FNF:1
FNH:1
FNDA:21,toKey
DA:1,1
DA:2,1
DA:3,1
DA:4,1
DA:5,1
DA:6,1
DA:7,1
DA:8,1
DA:9,1
DA:10,1
DA:11,1
DA:12,1
DA:13,21
DA:14,21
DA:15,17
DA:16,17
DA:17,4
DA:18,21
DA:19,21
DA:20,1
DA:21,1
LF:21
LH:21
BRDA:1,0,0,1
BRDA:13,1,0,21
BRDA:14,2,0,4
BRDA:14,3,0,17
BRDA:17,4,0,4
BRDA:18,5,0,0
BRDA:18,6,0,0
BRDA:18,7,0,4
BRF:8
BRH:6
end_of_record
